#
# There is insufficient memory for the Java Runtime Environment to continue.
# Native memory allocation (mmap) failed to map 257949696 bytes for G1 virtual space
# Possible reasons:
#   The system is out of physical RAM or swap space
#   The process is running with CompressedOops enabled, and the Java Heap may be blocking the growth of the native heap
# Possible solutions:
#   Reduce memory load on the system
#   Increase physical memory or swap space
#   Check if swap backing store is full
#   Decrease Java heap size (-Xmx/-Xms)
#   Decrease number of Java threads
#   Decrease Java thread stack sizes (-Xss)
#   Set larger code cache with -XX:ReservedCodeCacheSize=
#   JVM is running with Zero Based Compressed Oops mode in which the Java heap is
#     placed in the first 32GB address space. The Java Heap base address is the
#     maximum limit for the native heap growth. Please use -XX:HeapBaseMinAddress
#     to set the Java Heap base and to place the Java Heap above 32GB virtual address.
# This output file may be truncated or incomplete.
#
#  Out of Memory Error (os_windows.cpp:3530), pid=78000, tid=134428
#
# JRE version:  (18.0.1.1+2) (build )
# Java VM: OpenJDK 64-Bit Server VM (18.0.1.1+2-6, mixed mode, sharing, tiered, compressed oops, compressed class ptrs, g1 gc, windows-amd64)
# No core dump will be written. Minidumps are not enabled by default on client versions of Windows
#

---------------  S U M M A R Y ------------

Command Line: Division

Host: AMD Ryzen 5 5600U with Radeon Graphics         , 12 cores, 15G,  Windows 11 , 64 bit Build 22000 (10.0.22000.1219)
Time: Thu Jan 12 22:59:07 2023  Windows 11 , 64 bit Build 22000 (10.0.22000.1219) elapsed time: 0.015331 seconds (0d 0h 0m 0s)

---------------  T H R E A D  ---------------

Current thread (0x00000257a4b4ead0):  JavaThread "Unknown thread" [_thread_in_vm, id=134428, stack(0x000000fdfad00000,0x000000fdfae00000)]

Stack: [0x000000fdfad00000,0x000000fdfae00000]
Native frames: (J=compiled Java code, j=interpreted, Vv=VM code, C=native code)
V  [jvm.dll+0x69887a]
V  [jvm.dll+0x7f38bd]
V  [jvm.dll+0x7f51ce]
V  [jvm.dll+0x7f5883]
V  [jvm.dll+0x25ca3f]
V  [jvm.dll+0x6957c9]
V  [jvm.dll+0x68a2fa]
V  [jvm.dll+0x321efb]
V  [jvm.dll+0x3298d6]
V  [jvm.dll+0x37e47e]
V  [jvm.dll+0x37e6af]
V  [jvm.dll+0x2f9c7a]
V  [jvm.dll+0x2facdd]
V  [jvm.dll+0x7c24f0]
V  [jvm.dll+0x38b801]
V  [jvm.dll+0x7a1203]
V  [jvm.dll+0x40d6bf]
V  [jvm.dll+0x40f091]
C  [jli.dll+0x526b]
C  [ucrtbase.dll+0x26c0c]
C  [KERNEL32.DLL+0x15550]
C  [ntdll.dll+0x485b]


---------------  P R O C E S S  ---------------

Threads class SMR info:
_java_thread_list=0x00007ffdbe10d550, length=0, elements={
}

Java Threads: ( => current thread )

Other Threads:
  0x00000257a4bc04c0 WorkerThread "GC Thread#0" [stack: 0x000000fdfae00000,0x000000fdfaf00000] [id=132160]
  0x00000257a4bd0a10 ConcurrentGCThread "G1 Main Marker" [stack: 0x000000fdfaf00000,0x000000fdfb000000] [id=121060]
  0x00000257a4bd1300 WorkerThread "G1 Conc#0" [stack: 0x000000fdfb000000,0x000000fdfb100000] [id=134224]

[error occurred during error reporting (printing all threads), id 0xc0000005, EXCEPTION_ACCESS_VIOLATION (0xc0000005) at pc=0x00007ffdbd93a217]

VM state: not at safepoint (not fully initialized)

VM Mutex/Monitor currently owned by a thread:  ([mutex/lock_event])
[0x00000257a4b4d6b0] Heap_lock - owner thread: 0x00000257a4b4ead0

Heap address: 0x000000070a400000, size: 3932 MB, Compressed Oops mode: Zero based, Oop shift amount: 3

CDS archive(s) mapped at: [0x0000000000000000-0x0000000000000000-0x0000000000000000), size 0, SharedBaseAddress: 0x0000000800000000, ArchiveRelocationMode: 0.
Narrow klass base: 0x0000000000000000, Narrow klass shift: 0, Narrow klass range: 0x0

GC Precious Log:
 CardTable entry size: 512
 Card Set container configuration: InlinePtr #cards 4 size 8 Array Of Cards #cards 16 size 48 Howl #buckets 8 coarsen threshold 3686 Howl Bitmap #cards 512 size 80 coarsen threshold 460 Card regions per heap region 1 cards per card region 4096

Heap:
 garbage-first heap   total 0K, used 0K [0x000000070a400000, 0x0000000800000000)
  region size 2048K, 0 young (0K), 0 survivors (0K)

[error occurred during error reporting (printing heap information), id 0xc0000005, EXCEPTION_ACCESS_VIOLATION (0xc0000005) at pc=0x00007ffdbdd20cb9]

GC Heap History (0 events):
No events

Deoptimization events (0 events):
No events

Classes loaded (0 events):
No events

Classes unloaded (0 events):
No events

Classes redefined (0 events):
No events

Internal exceptions (0 events):
No events

VM Operations (0 events):
No events

Events (1 events):
Event: 0.008 Loaded shared library C:\Users\Administrator\.jdks\openjdk-18.0.1.1\bin\java.dll


Dynamic libraries:
0x00007ff77ea70000 - 0x00007ff77ea7e000 	C:\Users\Administrator\.jdks\openjdk-18.0.1.1\bin\java.exe
0x00007ffe26ac0000 - 0x00007ffe26cc9000 	C:\Windows\SYSTEM32\ntdll.dll
0x00007ffe25e80000 - 0x00007ffe25f3e000 	C:\Windows\System32\KERNEL32.DLL
0x00007ffe245c0000 - 0x00007ffe2493b000 	C:\Windows\System32\KERNELBASE.dll
0x00007ffe240f0000 - 0x00007ffe24201000 	C:\Windows\System32\ucrtbase.dll
0x00007ffe0dca0000 - 0x00007ffe0dcba000 	C:\Users\Administrator\.jdks\openjdk-18.0.1.1\bin\VCRUNTIME140.dll
0x00007ffe105f0000 - 0x00007ffe10607000 	C:\Users\Administrator\.jdks\openjdk-18.0.1.1\bin\jli.dll
0x00007ffe262d0000 - 0x00007ffe2647d000 	C:\Windows\System32\USER32.dll
0x00007ffe244a0000 - 0x00007ffe244c6000 	C:\Windows\System32\win32u.dll
0x00007ffe11bc0000 - 0x00007ffe11e65000 	C:\Windows\WinSxS\amd64_microsoft.windows.common-controls_6595b64144ccf1df_6.0.22000.120_none_9d947278b86cc467\COMCTL32.dll
0x00007ffe260e0000 - 0x00007ffe26109000 	C:\Windows\System32\GDI32.dll
0x00007ffe24210000 - 0x00007ffe24328000 	C:\Windows\System32\gdi32full.dll
0x00007ffe249f0000 - 0x00007ffe24a93000 	C:\Windows\System32\msvcrt.dll
0x00007ffe23f90000 - 0x00007ffe2402d000 	C:\Windows\System32\msvcp_win.dll
0x00007ffe268f0000 - 0x00007ffe26922000 	C:\Windows\System32\IMM32.DLL
0x00007ffe10440000 - 0x00007ffe1044c000 	C:\Users\Administrator\.jdks\openjdk-18.0.1.1\bin\vcruntime140_1.dll
0x00007ffdf0770000 - 0x00007ffdf07fd000 	C:\Users\Administrator\.jdks\openjdk-18.0.1.1\bin\msvcp140.dll
0x00007ffdbd630000 - 0x00007ffdbe240000 	C:\Users\Administrator\.jdks\openjdk-18.0.1.1\bin\server\jvm.dll
0x00007ffe24940000 - 0x00007ffe249ee000 	C:\Windows\System32\ADVAPI32.dll
0x00007ffe25060000 - 0x00007ffe250fe000 	C:\Windows\System32\sechost.dll
0x00007ffe25bf0000 - 0x00007ffe25d10000 	C:\Windows\System32\RPCRT4.dll
0x00007ffe25e70000 - 0x00007ffe25e78000 	C:\Windows\System32\PSAPI.DLL
0x00007ffe1c540000 - 0x00007ffe1c54a000 	C:\Windows\SYSTEM32\VERSION.dll
0x00007ffe02c60000 - 0x00007ffe02c69000 	C:\Windows\SYSTEM32\WSOCK32.dll
0x00007ffe1c060000 - 0x00007ffe1c093000 	C:\Windows\SYSTEM32\WINMM.dll
0x00007ffe25e00000 - 0x00007ffe25e6f000 	C:\Windows\System32\WS2_32.dll
0x00007ffe22fe0000 - 0x00007ffe22ff8000 	C:\Windows\SYSTEM32\kernel.appcore.dll
0x00007ffe10400000 - 0x00007ffe1040a000 	C:\Users\Administrator\.jdks\openjdk-18.0.1.1\bin\jimage.dll
0x00007ffe21a70000 - 0x00007ffe21c91000 	C:\Windows\SYSTEM32\DBGHELP.DLL
0x00007ffe06b60000 - 0x00007ffe06b91000 	C:\Windows\SYSTEM32\dbgcore.DLL
0x00007ffe24540000 - 0x00007ffe245bf000 	C:\Windows\System32\bcryptPrimitives.dll
0x00007ffe036a0000 - 0x00007ffe036c5000 	C:\Users\Administrator\.jdks\openjdk-18.0.1.1\bin\java.dll

dbghelp: loaded successfully - version: 4.0.5 - missing functions: none
symbol engine: initialized successfully - sym options: 0x614 - pdb path: .;C:\Users\Administrator\.jdks\openjdk-18.0.1.1\bin;C:\Windows\SYSTEM32;C:\Windows\WinSxS\amd64_microsoft.windows.common-controls_6595b64144ccf1df_6.0.22000.120_none_9d947278b86cc467;C:\Users\Administrator\.jdks\openjdk-18.0.1.1\bin\server

VM Arguments:
java_command: Division
java_class_path (initial): .
Launcher Type: SUN_STANDARD

[Global flags]
     intx CICompilerCount                          = 4                                         {product} {ergonomic}
     uint ConcGCThreads                            = 3                                         {product} {ergonomic}
     uint G1ConcRefinementThreads                  = 10                                        {product} {ergonomic}
   size_t G1HeapRegionSize                         = 2097152                                   {product} {ergonomic}
    uintx GCDrainStackTargetSize                   = 64                                        {product} {ergonomic}
   size_t InitialHeapSize                          = 257949696                                 {product} {ergonomic}
   size_t MarkStackSize                            = 4194304                                   {product} {ergonomic}
   size_t MaxHeapSize                              = 4123000832                                {product} {ergonomic}
   size_t MinHeapDeltaBytes                        = 2097152                                   {product} {ergonomic}
   size_t MinHeapSize                              = 8388608                                   {product} {ergonomic}
    uintx NonNMethodCodeHeapSize                   = 5839372                                {pd product} {ergonomic}
    uintx NonProfiledCodeHeapSize                  = 122909434                              {pd product} {ergonomic}
    uintx ProfiledCodeHeapSize                     = 122909434                              {pd product} {ergonomic}
    uintx ReservedCodeCacheSize                    = 251658240                              {pd product} {ergonomic}
     bool SegmentedCodeCache                       = true                                      {product} {ergonomic}
   size_t SoftMaxHeapSize                          = 4123000832                             {manageable} {ergonomic}
     bool UseCompressedClassPointers               = true                           {product lp64_product} {ergonomic}
     bool UseCompressedOops                        = true                           {product lp64_product} {ergonomic}
     bool UseG1GC                                  = true                                      {product} {ergonomic}
     bool UseLargePagesIndividualAllocation        = false                                  {pd product} {ergonomic}

Logging:
Log output configuration:
 #0: stdout all=warning uptime,level,tags foldmultilines=false
 #1: stderr all=off uptime,level,tags foldmultilines=false

Environment Variables:
JAVA_HOME=C:\Users\Administrator\.jdks\openjdk-18.0.1.1
PATH=D:\mingw64\bin;C:\Program Files\MiKTeX\miktex\bin\x64\;C:\Program Files\Wolfram Research\WolframScript\;C:\Strawberry\c\bin;C:\Strawberry\perl\site\bin;C:\Strawberry\perl\bin;D:\apache-ant-1.9.16\bin;D:\MATLAB\bin;C:\Windows\System32;C:\Windows\System;C:\Users\Administrator\AppData\Local\Programs\Python\Python310\Scripts\;C:\Users\Administrator\AppData\Local\Programs\Python\Python310\;C:\Users\Administrator\AppData\Local\Microsoft\WindowsApps;C:\Users\Administrator\AppData\Local\Programs\Microsoft VS Code\bin;C:\Users\Administrator\.jdks\openjdk-18.0.1.1\bin;C:\Users\Administrator\AppData\Local\GitHubDesktop\bin
USERNAME=Administrator
LANG=zh_CN.UTF-8
OS=Windows_NT
PROCESSOR_IDENTIFIER=AMD64 Family 25 Model 80 Stepping 0, AuthenticAMD



---------------  S Y S T E M  ---------------

OS:
 Windows 11 , 64 bit Build 22000 (10.0.22000.1219)
OS uptime: 49 days 9:04 hours
Hyper-V role detected

CPU: total 12 (initial active 12) (12 cores per cpu, 2 threads per core) family 25 model 80 stepping 0 microcode 0x0, cx8, cmov, fxsr, ht, mmx, 3dnowpref, sse, sse2, sse3, ssse3, sse4a, sse4.1, sse4.2, popcnt, lzcnt, tsc, tscinvbit, avx, avx2, aes, erms, clmul, bmi1, bmi2, adx, sha, fma, vzeroupper, clflush, clflushopt, hv

Memory: 4k page, system-wide physical 15724M (616M free)
TotalPageFile size 41324M (AvailPageFile size 116M)
current process WorkingSet (physical memory assigned to process): 10M, peak: 10M
current process commit charge ("private bytes"): 64M, peak: 310M

vm_info: OpenJDK 64-Bit Server VM (18.0.1.1+2-6) for windows-amd64 JRE (18.0.1.1+2-6), built on Apr 25 2022 21:50:56 by "mach5one" with MS VC++ 16.8 / 16.9 (VS2019)

END.
